CRITICAL - 2021-01-21 18:40:11 --> Invalid file: home.php
#0 C:\xampp\htdocs\komiks\vendor\codeigniter4\framework\system\View\View.php(228): CodeIgniter\Exceptions\FrameworkException::forInvalidFile('home.php')
#1 C:\xampp\htdocs\komiks\vendor\codeigniter4\framework\system\Common.php(1119): CodeIgniter\View\View->render('home', Array, true)
#2 C:\xampp\htdocs\komiks\app\Controllers\Pages.php(7): view('home')
#3 C:\xampp\htdocs\komiks\vendor\codeigniter4\framework\system\CodeIgniter.php(918): App\Controllers\Pages->index()
#4 C:\xampp\htdocs\komiks\vendor\codeigniter4\framework\system\CodeIgniter.php(404): CodeIgniter\CodeIgniter->runController(Object(App\Controllers\Pages))
#5 C:\xampp\htdocs\komiks\vendor\codeigniter4\framework\system\CodeIgniter.php(312): CodeIgniter\CodeIgniter->handleRequest(NULL, Object(Config\Cache), false)
#6 C:\xampp\htdocs\komiks\public\index.php(45): CodeIgniter\CodeIgniter->run()
#7 C:\xampp\htdocs\komiks\vendor\codeigniter4\framework\system\Commands\Server\rewrite.php(34): require_once('C:\\xampp\\htdocs...')
#8 {main}
CRITICAL - 2021-01-21 18:55:39 --> Invalid file: about.php
#0 C:\xampp\htdocs\komiks\vendor\codeigniter4\framework\system\View\View.php(228): CodeIgniter\Exceptions\FrameworkException::forInvalidFile('about.php')
#1 C:\xampp\htdocs\komiks\vendor\codeigniter4\framework\system\Common.php(1119): CodeIgniter\View\View->render('about', Array, true)
#2 C:\xampp\htdocs\komiks\app\Controllers\Pages.php(13): view('about')
#3 C:\xampp\htdocs\komiks\vendor\codeigniter4\framework\system\CodeIgniter.php(918): App\Controllers\Pages->about()
#4 C:\xampp\htdocs\komiks\vendor\codeigniter4\framework\system\CodeIgniter.php(404): CodeIgniter\CodeIgniter->runController(Object(App\Controllers\Pages))
#5 C:\xampp\htdocs\komiks\vendor\codeigniter4\framework\system\CodeIgniter.php(312): CodeIgniter\CodeIgniter->handleRequest(NULL, Object(Config\Cache), false)
#6 C:\xampp\htdocs\komiks\public\index.php(45): CodeIgniter\CodeIgniter->run()
#7 C:\xampp\htdocs\komiks\vendor\codeigniter4\framework\system\Commands\Server\rewrite.php(34): require_once('C:\\xampp\\htdocs...')
#8 {main}
CRITICAL - 2021-01-21 19:35:47 --> Undefined variable: judultab
#0 C:\xampp\htdocs\komiks\app\Views\layout\header.php(11): CodeIgniter\Debug\Exceptions->errorHandler(8, 'Undefined varia...', 'C:\\xampp\\htdocs...', 11, Array)
#1 C:\xampp\htdocs\komiks\vendor\codeigniter4\framework\system\View\View.php(246): include('C:\\xampp\\htdocs...')
#2 C:\xampp\htdocs\komiks\vendor\codeigniter4\framework\system\Common.php(1119): CodeIgniter\View\View->render('layout/header', Array, true)
#3 C:\xampp\htdocs\komiks\app\Controllers\Pages.php(17): view('layout/header')
#4 C:\xampp\htdocs\komiks\vendor\codeigniter4\framework\system\CodeIgniter.php(918): App\Controllers\Pages->about()
#5 C:\xampp\htdocs\komiks\vendor\codeigniter4\framework\system\CodeIgniter.php(404): CodeIgniter\CodeIgniter->runController(Object(App\Controllers\Pages))
#6 C:\xampp\htdocs\komiks\vendor\codeigniter4\framework\system\CodeIgniter.php(312): CodeIgniter\CodeIgniter->handleRequest(NULL, Object(Config\Cache), false)
#7 C:\xampp\htdocs\komiks\public\index.php(45): CodeIgniter\CodeIgniter->run()
#8 C:\xampp\htdocs\komiks\vendor\codeigniter4\framework\system\Commands\Server\rewrite.php(34): require_once('C:\\xampp\\htdocs...')
#9 {main}
CRITICAL - 2021-01-21 19:38:07 --> syntax error, unexpected 'var' (T_VAR), expecting end of file
#0 C:\xampp\htdocs\komiks\vendor\codeigniter4\framework\system\Common.php(1119): CodeIgniter\View\View->render('pages/home', Array, true)
#1 C:\xampp\htdocs\komiks\app\Controllers\Pages.php(12): view('pages/home')
#2 C:\xampp\htdocs\komiks\vendor\codeigniter4\framework\system\CodeIgniter.php(918): App\Controllers\Pages->index()
#3 C:\xampp\htdocs\komiks\vendor\codeigniter4\framework\system\CodeIgniter.php(404): CodeIgniter\CodeIgniter->runController(Object(App\Controllers\Pages))
#4 C:\xampp\htdocs\komiks\vendor\codeigniter4\framework\system\CodeIgniter.php(312): CodeIgniter\CodeIgniter->handleRequest(NULL, Object(Config\Cache), false)
#5 C:\xampp\htdocs\komiks\public\index.php(45): CodeIgniter\CodeIgniter->run()
#6 C:\xampp\htdocs\komiks\vendor\codeigniter4\framework\system\Commands\Server\rewrite.php(34): require_once('C:\\xampp\\htdocs...')
#7 {main}
CRITICAL - 2021-01-21 19:38:14 --> syntax error, unexpected 'var' (T_VAR), expecting end of file
#0 C:\xampp\htdocs\komiks\vendor\codeigniter4\framework\system\Common.php(1119): CodeIgniter\View\View->render('pages/home', Array, true)
#1 C:\xampp\htdocs\komiks\app\Controllers\Pages.php(12): view('pages/home')
#2 C:\xampp\htdocs\komiks\vendor\codeigniter4\framework\system\CodeIgniter.php(918): App\Controllers\Pages->index()
#3 C:\xampp\htdocs\komiks\vendor\codeigniter4\framework\system\CodeIgniter.php(404): CodeIgniter\CodeIgniter->runController(Object(App\Controllers\Pages))
#4 C:\xampp\htdocs\komiks\vendor\codeigniter4\framework\system\CodeIgniter.php(312): CodeIgniter\CodeIgniter->handleRequest(NULL, Object(Config\Cache), false)
#5 C:\xampp\htdocs\komiks\public\index.php(45): CodeIgniter\CodeIgniter->run()
#6 C:\xampp\htdocs\komiks\vendor\codeigniter4\framework\system\Commands\Server\rewrite.php(34): require_once('C:\\xampp\\htdocs...')
#7 {main}
CRITICAL - 2021-01-21 19:38:53 --> syntax error, unexpected 'var' (T_VAR), expecting end of file
#0 C:\xampp\htdocs\komiks\vendor\codeigniter4\framework\system\Common.php(1119): CodeIgniter\View\View->render('pages/home', Array, true)
#1 C:\xampp\htdocs\komiks\app\Controllers\Pages.php(12): view('pages/home')
#2 C:\xampp\htdocs\komiks\vendor\codeigniter4\framework\system\CodeIgniter.php(918): App\Controllers\Pages->index()
#3 C:\xampp\htdocs\komiks\vendor\codeigniter4\framework\system\CodeIgniter.php(404): CodeIgniter\CodeIgniter->runController(Object(App\Controllers\Pages))
#4 C:\xampp\htdocs\komiks\vendor\codeigniter4\framework\system\CodeIgniter.php(312): CodeIgniter\CodeIgniter->handleRequest(NULL, Object(Config\Cache), false)
#5 C:\xampp\htdocs\komiks\public\index.php(45): CodeIgniter\CodeIgniter->run()
#6 C:\xampp\htdocs\komiks\vendor\codeigniter4\framework\system\Commands\Server\rewrite.php(34): require_once('C:\\xampp\\htdocs...')
#7 {main}
CRITICAL - 2021-01-21 19:50:29 --> Invalid file: layout/header.php
#0 C:\xampp\htdocs\komiks\vendor\codeigniter4\framework\system\View\View.php(228): CodeIgniter\Exceptions\FrameworkException::forInvalidFile('layout/header.p...')
#1 C:\xampp\htdocs\komiks\vendor\codeigniter4\framework\system\Common.php(1119): CodeIgniter\View\View->render('layout/header', Array, true)
#2 C:\xampp\htdocs\komiks\app\Controllers\Pages.php(19): view('layout/header', Array)
#3 C:\xampp\htdocs\komiks\vendor\codeigniter4\framework\system\CodeIgniter.php(918): App\Controllers\Pages->about()
#4 C:\xampp\htdocs\komiks\vendor\codeigniter4\framework\system\CodeIgniter.php(404): CodeIgniter\CodeIgniter->runController(Object(App\Controllers\Pages))
#5 C:\xampp\htdocs\komiks\vendor\codeigniter4\framework\system\CodeIgniter.php(312): CodeIgniter\CodeIgniter->handleRequest(NULL, Object(Config\Cache), false)
#6 C:\xampp\htdocs\komiks\public\index.php(45): CodeIgniter\CodeIgniter->run()
#7 C:\xampp\htdocs\komiks\vendor\codeigniter4\framework\system\Commands\Server\rewrite.php(34): require_once('C:\\xampp\\htdocs...')
#8 {main}
CRITICAL - 2021-01-21 19:57:06 --> Undefined property: CodeIgniter\View\View::$endSection
#0 C:\xampp\htdocs\komiks\app\Views\pages\home.php(5): CodeIgniter\Debug\Exceptions->errorHandler(8, 'Undefined prope...', 'C:\\xampp\\htdocs...', 5, Array)
#1 C:\xampp\htdocs\komiks\vendor\codeigniter4\framework\system\View\View.php(246): include('C:\\xampp\\htdocs...')
#2 C:\xampp\htdocs\komiks\vendor\codeigniter4\framework\system\Common.php(1119): CodeIgniter\View\View->render('pages/home', Array, true)
#3 C:\xampp\htdocs\komiks\app\Controllers\Pages.php(11): view('pages/home', Array)
#4 C:\xampp\htdocs\komiks\vendor\codeigniter4\framework\system\CodeIgniter.php(918): App\Controllers\Pages->index()
#5 C:\xampp\htdocs\komiks\vendor\codeigniter4\framework\system\CodeIgniter.php(404): CodeIgniter\CodeIgniter->runController(Object(App\Controllers\Pages))
#6 C:\xampp\htdocs\komiks\vendor\codeigniter4\framework\system\CodeIgniter.php(312): CodeIgniter\CodeIgniter->handleRequest(NULL, Object(Config\Cache), false)
#7 C:\xampp\htdocs\komiks\public\index.php(45): CodeIgniter\CodeIgniter->run()
#8 C:\xampp\htdocs\komiks\vendor\codeigniter4\framework\system\Commands\Server\rewrite.php(34): require_once('C:\\xampp\\htdocs...')
#9 {main}
CRITICAL - 2021-01-21 19:57:11 --> Undefined property: CodeIgniter\View\View::$endSection
#0 C:\xampp\htdocs\komiks\app\Views\pages\home.php(5): CodeIgniter\Debug\Exceptions->errorHandler(8, 'Undefined prope...', 'C:\\xampp\\htdocs...', 5, Array)
#1 C:\xampp\htdocs\komiks\vendor\codeigniter4\framework\system\View\View.php(246): include('C:\\xampp\\htdocs...')
#2 C:\xampp\htdocs\komiks\vendor\codeigniter4\framework\system\Common.php(1119): CodeIgniter\View\View->render('pages/home', Array, true)
#3 C:\xampp\htdocs\komiks\app\Controllers\Pages.php(11): view('pages/home', Array)
#4 C:\xampp\htdocs\komiks\vendor\codeigniter4\framework\system\CodeIgniter.php(918): App\Controllers\Pages->index()
#5 C:\xampp\htdocs\komiks\vendor\codeigniter4\framework\system\CodeIgniter.php(404): CodeIgniter\CodeIgniter->runController(Object(App\Controllers\Pages))
#6 C:\xampp\htdocs\komiks\vendor\codeigniter4\framework\system\CodeIgniter.php(312): CodeIgniter\CodeIgniter->handleRequest(NULL, Object(Config\Cache), false)
#7 C:\xampp\htdocs\komiks\public\index.php(45): CodeIgniter\CodeIgniter->run()
#8 C:\xampp\htdocs\komiks\vendor\codeigniter4\framework\system\Commands\Server\rewrite.php(34): require_once('C:\\xampp\\htdocs...')
#9 {main}
CRITICAL - 2021-01-21 19:57:19 --> Invalid file: layout/templawte.php
#0 C:\xampp\htdocs\komiks\vendor\codeigniter4\framework\system\View\View.php(228): CodeIgniter\Exceptions\FrameworkException::forInvalidFile('layout/templawt...')
#1 C:\xampp\htdocs\komiks\vendor\codeigniter4\framework\system\View\View.php(257): CodeIgniter\View\View->render('layout/templawt...', Array, true)
#2 C:\xampp\htdocs\komiks\vendor\codeigniter4\framework\system\Common.php(1119): CodeIgniter\View\View->render('pages/home', Array, true)
#3 C:\xampp\htdocs\komiks\app\Controllers\Pages.php(11): view('pages/home', Array)
#4 C:\xampp\htdocs\komiks\vendor\codeigniter4\framework\system\CodeIgniter.php(918): App\Controllers\Pages->index()
#5 C:\xampp\htdocs\komiks\vendor\codeigniter4\framework\system\CodeIgniter.php(404): CodeIgniter\CodeIgniter->runController(Object(App\Controllers\Pages))
#6 C:\xampp\htdocs\komiks\vendor\codeigniter4\framework\system\CodeIgniter.php(312): CodeIgniter\CodeIgniter->handleRequest(NULL, Object(Config\Cache), false)
#7 C:\xampp\htdocs\komiks\public\index.php(45): CodeIgniter\CodeIgniter->run()
#8 C:\xampp\htdocs\komiks\vendor\codeigniter4\framework\system\Commands\Server\rewrite.php(34): require_once('C:\\xampp\\htdocs...')
#9 {main}
CRITICAL - 2021-01-21 19:57:27 --> Invalid file: layout/header.php
#0 C:\xampp\htdocs\komiks\vendor\codeigniter4\framework\system\View\View.php(228): CodeIgniter\Exceptions\FrameworkException::forInvalidFile('layout/header.p...')
#1 C:\xampp\htdocs\komiks\vendor\codeigniter4\framework\system\Common.php(1119): CodeIgniter\View\View->render('layout/header', Array, true)
#2 C:\xampp\htdocs\komiks\app\Controllers\Pages.php(19): view('layout/header', Array)
#3 C:\xampp\htdocs\komiks\vendor\codeigniter4\framework\system\CodeIgniter.php(918): App\Controllers\Pages->about()
#4 C:\xampp\htdocs\komiks\vendor\codeigniter4\framework\system\CodeIgniter.php(404): CodeIgniter\CodeIgniter->runController(Object(App\Controllers\Pages))
#5 C:\xampp\htdocs\komiks\vendor\codeigniter4\framework\system\CodeIgniter.php(312): CodeIgniter\CodeIgniter->handleRequest(NULL, Object(Config\Cache), false)
#6 C:\xampp\htdocs\komiks\public\index.php(45): CodeIgniter\CodeIgniter->run()
#7 C:\xampp\htdocs\komiks\vendor\codeigniter4\framework\system\Commands\Server\rewrite.php(34): require_once('C:\\xampp\\htdocs...')
#8 {main}
CRITICAL - 2021-01-21 20:00:34 --> syntax error, unexpected '<', expecting end of file
#0 C:\xampp\htdocs\komiks\vendor\codeigniter4\framework\system\Common.php(1119): CodeIgniter\View\View->render('pages/home', Array, true)
#1 C:\xampp\htdocs\komiks\app\Controllers\Pages.php(11): view('pages/home', Array)
#2 C:\xampp\htdocs\komiks\vendor\codeigniter4\framework\system\CodeIgniter.php(918): App\Controllers\Pages->index()
#3 C:\xampp\htdocs\komiks\vendor\codeigniter4\framework\system\CodeIgniter.php(404): CodeIgniter\CodeIgniter->runController(Object(App\Controllers\Pages))
#4 C:\xampp\htdocs\komiks\vendor\codeigniter4\framework\system\CodeIgniter.php(312): CodeIgniter\CodeIgniter->handleRequest(NULL, Object(Config\Cache), false)
#5 C:\xampp\htdocs\komiks\public\index.php(45): CodeIgniter\CodeIgniter->run()
#6 C:\xampp\htdocs\komiks\vendor\codeigniter4\framework\system\Commands\Server\rewrite.php(34): require_once('C:\\xampp\\htdocs...')
#7 {main}
CRITICAL - 2021-01-21 20:02:05 --> Array to string conversion
#0 C:\xampp\htdocs\komiks\app\Views\pages\home.php(10): CodeIgniter\Debug\Exceptions->errorHandler(8, 'Array to string...', 'C:\\xampp\\htdocs...', 10, Array)
#1 C:\xampp\htdocs\komiks\vendor\codeigniter4\framework\system\View\View.php(246): include('C:\\xampp\\htdocs...')
#2 C:\xampp\htdocs\komiks\vendor\codeigniter4\framework\system\Common.php(1119): CodeIgniter\View\View->render('pages/home', Array, true)
#3 C:\xampp\htdocs\komiks\app\Controllers\Pages.php(11): view('pages/home', Array)
#4 C:\xampp\htdocs\komiks\vendor\codeigniter4\framework\system\CodeIgniter.php(918): App\Controllers\Pages->index()
#5 C:\xampp\htdocs\komiks\vendor\codeigniter4\framework\system\CodeIgniter.php(404): CodeIgniter\CodeIgniter->runController(Object(App\Controllers\Pages))
#6 C:\xampp\htdocs\komiks\vendor\codeigniter4\framework\system\CodeIgniter.php(312): CodeIgniter\CodeIgniter->handleRequest(NULL, Object(Config\Cache), false)
#7 C:\xampp\htdocs\komiks\public\index.php(45): CodeIgniter\CodeIgniter->run()
#8 C:\xampp\htdocs\komiks\vendor\codeigniter4\framework\system\Commands\Server\rewrite.php(34): require_once('C:\\xampp\\htdocs...')
#9 {main}
CRITICAL - 2021-01-21 20:02:17 --> Cannot use [] for reading
#0 [internal function]: CodeIgniter\Debug\Exceptions->shutdownHandler()
#1 {main}
CRITICAL - 2021-01-21 20:02:22 --> Array to string conversion
#0 C:\xampp\htdocs\komiks\app\Views\pages\home.php(10): CodeIgniter\Debug\Exceptions->errorHandler(8, 'Array to string...', 'C:\\xampp\\htdocs...', 10, Array)
#1 C:\xampp\htdocs\komiks\vendor\codeigniter4\framework\system\View\View.php(246): include('C:\\xampp\\htdocs...')
#2 C:\xampp\htdocs\komiks\vendor\codeigniter4\framework\system\Common.php(1119): CodeIgniter\View\View->render('pages/home', Array, true)
#3 C:\xampp\htdocs\komiks\app\Controllers\Pages.php(11): view('pages/home', Array)
#4 C:\xampp\htdocs\komiks\vendor\codeigniter4\framework\system\CodeIgniter.php(918): App\Controllers\Pages->index()
#5 C:\xampp\htdocs\komiks\vendor\codeigniter4\framework\system\CodeIgniter.php(404): CodeIgniter\CodeIgniter->runController(Object(App\Controllers\Pages))
#6 C:\xampp\htdocs\komiks\vendor\codeigniter4\framework\system\CodeIgniter.php(312): CodeIgniter\CodeIgniter->handleRequest(NULL, Object(Config\Cache), false)
#7 C:\xampp\htdocs\komiks\public\index.php(45): CodeIgniter\CodeIgniter->run()
#8 C:\xampp\htdocs\komiks\vendor\codeigniter4\framework\system\Commands\Server\rewrite.php(34): require_once('C:\\xampp\\htdocs...')
#9 {main}
CRITICAL - 2021-01-21 20:04:26 --> Invalid file: layout/header.php
#0 C:\xampp\htdocs\komiks\vendor\codeigniter4\framework\system\View\View.php(228): CodeIgniter\Exceptions\FrameworkException::forInvalidFile('layout/header.p...')
#1 C:\xampp\htdocs\komiks\vendor\codeigniter4\framework\system\Common.php(1119): CodeIgniter\View\View->render('layout/header', Array, true)
#2 C:\xampp\htdocs\komiks\app\Controllers\Pages.php(19): view('layout/header', Array)
#3 C:\xampp\htdocs\komiks\vendor\codeigniter4\framework\system\CodeIgniter.php(918): App\Controllers\Pages->about()
#4 C:\xampp\htdocs\komiks\vendor\codeigniter4\framework\system\CodeIgniter.php(404): CodeIgniter\CodeIgniter->runController(Object(App\Controllers\Pages))
#5 C:\xampp\htdocs\komiks\vendor\codeigniter4\framework\system\CodeIgniter.php(312): CodeIgniter\CodeIgniter->handleRequest(NULL, Object(Config\Cache), false)
#6 C:\xampp\htdocs\komiks\public\index.php(45): CodeIgniter\CodeIgniter->run()
#7 C:\xampp\htdocs\komiks\vendor\codeigniter4\framework\system\Commands\Server\rewrite.php(34): require_once('C:\\xampp\\htdocs...')
#8 {main}
CRITICAL - 2021-01-21 20:05:57 --> Invalid file: layout/header.php
#0 C:\xampp\htdocs\komiks\vendor\codeigniter4\framework\system\View\View.php(228): CodeIgniter\Exceptions\FrameworkException::forInvalidFile('layout/header.p...')
#1 C:\xampp\htdocs\komiks\vendor\codeigniter4\framework\system\Common.php(1119): CodeIgniter\View\View->render('layout/header', Array, true)
#2 C:\xampp\htdocs\komiks\app\Controllers\Pages.php(19): view('layout/header', Array)
#3 C:\xampp\htdocs\komiks\vendor\codeigniter4\framework\system\CodeIgniter.php(918): App\Controllers\Pages->about()
#4 C:\xampp\htdocs\komiks\vendor\codeigniter4\framework\system\CodeIgniter.php(404): CodeIgniter\CodeIgniter->runController(Object(App\Controllers\Pages))
#5 C:\xampp\htdocs\komiks\vendor\codeigniter4\framework\system\CodeIgniter.php(312): CodeIgniter\CodeIgniter->handleRequest(NULL, Object(Config\Cache), false)
#6 C:\xampp\htdocs\komiks\public\index.php(45): CodeIgniter\CodeIgniter->run()
#7 C:\xampp\htdocs\komiks\vendor\codeigniter4\framework\system\Commands\Server\rewrite.php(34): require_once('C:\\xampp\\htdocs...')
#8 {main}
CRITICAL - 2021-01-21 20:05:57 --> Invalid file: layout/header.php
#0 C:\xampp\htdocs\komiks\vendor\codeigniter4\framework\system\View\View.php(228): CodeIgniter\Exceptions\FrameworkException::forInvalidFile('layout/header.p...')
#1 C:\xampp\htdocs\komiks\vendor\codeigniter4\framework\system\Common.php(1119): CodeIgniter\View\View->render('layout/header', Array, true)
#2 C:\xampp\htdocs\komiks\app\Controllers\Pages.php(19): view('layout/header', Array)
#3 C:\xampp\htdocs\komiks\vendor\codeigniter4\framework\system\CodeIgniter.php(918): App\Controllers\Pages->about()
#4 C:\xampp\htdocs\komiks\vendor\codeigniter4\framework\system\CodeIgniter.php(404): CodeIgniter\CodeIgniter->runController(Object(App\Controllers\Pages))
#5 C:\xampp\htdocs\komiks\vendor\codeigniter4\framework\system\CodeIgniter.php(312): CodeIgniter\CodeIgniter->handleRequest(NULL, Object(Config\Cache), false)
#6 C:\xampp\htdocs\komiks\public\index.php(45): CodeIgniter\CodeIgniter->run()
#7 C:\xampp\htdocs\komiks\vendor\codeigniter4\framework\system\Commands\Server\rewrite.php(34): require_once('C:\\xampp\\htdocs...')
#8 {main}
CRITICAL - 2021-01-21 20:06:09 --> Invalid file: layout/header.php
#0 C:\xampp\htdocs\komiks\vendor\codeigniter4\framework\system\View\View.php(228): CodeIgniter\Exceptions\FrameworkException::forInvalidFile('layout/header.p...')
#1 C:\xampp\htdocs\komiks\vendor\codeigniter4\framework\system\Common.php(1119): CodeIgniter\View\View->render('layout/header', Array, true)
#2 C:\xampp\htdocs\komiks\app\Controllers\Pages.php(19): view('layout/header', Array)
#3 C:\xampp\htdocs\komiks\vendor\codeigniter4\framework\system\CodeIgniter.php(918): App\Controllers\Pages->about()
#4 C:\xampp\htdocs\komiks\vendor\codeigniter4\framework\system\CodeIgniter.php(404): CodeIgniter\CodeIgniter->runController(Object(App\Controllers\Pages))
#5 C:\xampp\htdocs\komiks\vendor\codeigniter4\framework\system\CodeIgniter.php(312): CodeIgniter\CodeIgniter->handleRequest(NULL, Object(Config\Cache), false)
#6 C:\xampp\htdocs\komiks\public\index.php(45): CodeIgniter\CodeIgniter->run()
#7 C:\xampp\htdocs\komiks\vendor\codeigniter4\framework\system\Commands\Server\rewrite.php(34): require_once('C:\\xampp\\htdocs...')
#8 {main}
CRITICAL - 2021-01-21 20:06:11 --> Invalid file: layout/header.php
#0 C:\xampp\htdocs\komiks\vendor\codeigniter4\framework\system\View\View.php(228): CodeIgniter\Exceptions\FrameworkException::forInvalidFile('layout/header.p...')
#1 C:\xampp\htdocs\komiks\vendor\codeigniter4\framework\system\Common.php(1119): CodeIgniter\View\View->render('layout/header', Array, true)
#2 C:\xampp\htdocs\komiks\app\Controllers\Pages.php(19): view('layout/header', Array)
#3 C:\xampp\htdocs\komiks\vendor\codeigniter4\framework\system\CodeIgniter.php(918): App\Controllers\Pages->about()
#4 C:\xampp\htdocs\komiks\vendor\codeigniter4\framework\system\CodeIgniter.php(404): CodeIgniter\CodeIgniter->runController(Object(App\Controllers\Pages))
#5 C:\xampp\htdocs\komiks\vendor\codeigniter4\framework\system\CodeIgniter.php(312): CodeIgniter\CodeIgniter->handleRequest(NULL, Object(Config\Cache), false)
#6 C:\xampp\htdocs\komiks\public\index.php(45): CodeIgniter\CodeIgniter->run()
#7 C:\xampp\htdocs\komiks\vendor\codeigniter4\framework\system\Commands\Server\rewrite.php(34): require_once('C:\\xampp\\htdocs...')
#8 {main}
CRITICAL - 2021-01-21 20:06:12 --> Invalid file: layout/header.php
#0 C:\xampp\htdocs\komiks\vendor\codeigniter4\framework\system\View\View.php(228): CodeIgniter\Exceptions\FrameworkException::forInvalidFile('layout/header.p...')
#1 C:\xampp\htdocs\komiks\vendor\codeigniter4\framework\system\Common.php(1119): CodeIgniter\View\View->render('layout/header', Array, true)
#2 C:\xampp\htdocs\komiks\app\Controllers\Pages.php(19): view('layout/header', Array)
#3 C:\xampp\htdocs\komiks\vendor\codeigniter4\framework\system\CodeIgniter.php(918): App\Controllers\Pages->about()
#4 C:\xampp\htdocs\komiks\vendor\codeigniter4\framework\system\CodeIgniter.php(404): CodeIgniter\CodeIgniter->runController(Object(App\Controllers\Pages))
#5 C:\xampp\htdocs\komiks\vendor\codeigniter4\framework\system\CodeIgniter.php(312): CodeIgniter\CodeIgniter->handleRequest(NULL, Object(Config\Cache), false)
#6 C:\xampp\htdocs\komiks\public\index.php(45): CodeIgniter\CodeIgniter->run()
#7 C:\xampp\htdocs\komiks\vendor\codeigniter4\framework\system\Commands\Server\rewrite.php(34): require_once('C:\\xampp\\htdocs...')
#8 {main}
CRITICAL - 2021-01-21 20:06:48 --> Invalid file: layout/tamplate.php
#0 C:\xampp\htdocs\komiks\vendor\codeigniter4\framework\system\View\View.php(228): CodeIgniter\Exceptions\FrameworkException::forInvalidFile('layout/tamplate...')
#1 C:\xampp\htdocs\komiks\vendor\codeigniter4\framework\system\View\View.php(257): CodeIgniter\View\View->render('layout/tamplate', Array, true)
#2 C:\xampp\htdocs\komiks\vendor\codeigniter4\framework\system\Common.php(1119): CodeIgniter\View\View->render('pages/about', Array, true)
#3 C:\xampp\htdocs\komiks\app\Controllers\Pages.php(19): view('pages/about', Array)
#4 C:\xampp\htdocs\komiks\vendor\codeigniter4\framework\system\CodeIgniter.php(918): App\Controllers\Pages->about()
#5 C:\xampp\htdocs\komiks\vendor\codeigniter4\framework\system\CodeIgniter.php(404): CodeIgniter\CodeIgniter->runController(Object(App\Controllers\Pages))
#6 C:\xampp\htdocs\komiks\vendor\codeigniter4\framework\system\CodeIgniter.php(312): CodeIgniter\CodeIgniter->handleRequest(NULL, Object(Config\Cache), false)
#7 C:\xampp\htdocs\komiks\public\index.php(45): CodeIgniter\CodeIgniter->run()
#8 C:\xampp\htdocs\komiks\vendor\codeigniter4\framework\system\Commands\Server\rewrite.php(34): require_once('C:\\xampp\\htdocs...')
#9 {main}
CRITICAL - 2021-01-21 20:17:11 --> Invalid file: pages/kontak.php
#0 C:\xampp\htdocs\komiks\vendor\codeigniter4\framework\system\View\View.php(228): CodeIgniter\Exceptions\FrameworkException::forInvalidFile('pages/kontak.ph...')
#1 C:\xampp\htdocs\komiks\vendor\codeigniter4\framework\system\Common.php(1119): CodeIgniter\View\View->render('pages/kontak', Array, true)
#2 C:\xampp\htdocs\komiks\app\Controllers\Pages.php(27): view('pages/kontak', Array)
#3 C:\xampp\htdocs\komiks\vendor\codeigniter4\framework\system\CodeIgniter.php(918): App\Controllers\Pages->kontak()
#4 C:\xampp\htdocs\komiks\vendor\codeigniter4\framework\system\CodeIgniter.php(404): CodeIgniter\CodeIgniter->runController(Object(App\Controllers\Pages))
#5 C:\xampp\htdocs\komiks\vendor\codeigniter4\framework\system\CodeIgniter.php(312): CodeIgniter\CodeIgniter->handleRequest(NULL, Object(Config\Cache), false)
#6 C:\xampp\htdocs\komiks\public\index.php(45): CodeIgniter\CodeIgniter->run()
#7 C:\xampp\htdocs\komiks\vendor\codeigniter4\framework\system\Commands\Server\rewrite.php(34): require_once('C:\\xampp\\htdocs...')
#8 {main}
CRITICAL - 2021-01-21 20:27:20 --> syntax error, unexpected ')', expecting '['
#0 C:\xampp\htdocs\komiks\vendor\codeigniter4\framework\system\Common.php(1119): CodeIgniter\View\View->render('pages/kontak', Array, true)
#1 C:\xampp\htdocs\komiks\app\Controllers\Pages.php(37): view('pages/kontak', Array)
#2 C:\xampp\htdocs\komiks\vendor\codeigniter4\framework\system\CodeIgniter.php(918): App\Controllers\Pages->kontak()
#3 C:\xampp\htdocs\komiks\vendor\codeigniter4\framework\system\CodeIgniter.php(404): CodeIgniter\CodeIgniter->runController(Object(App\Controllers\Pages))
#4 C:\xampp\htdocs\komiks\vendor\codeigniter4\framework\system\CodeIgniter.php(312): CodeIgniter\CodeIgniter->handleRequest(NULL, Object(Config\Cache), false)
#5 C:\xampp\htdocs\komiks\public\index.php(45): CodeIgniter\CodeIgniter->run()
#6 C:\xampp\htdocs\komiks\vendor\codeigniter4\framework\system\Commands\Server\rewrite.php(34): require_once('C:\\xampp\\htdocs...')
#7 {main}
CRITICAL - 2021-01-21 20:28:23 --> Illegal string offset 'tipe'
#0 C:\xampp\htdocs\komiks\app\Views\pages\kontak.php(12): CodeIgniter\Debug\Exceptions->errorHandler(2, 'Illegal string ...', 'C:\\xampp\\htdocs...', 12, Array)
#1 C:\xampp\htdocs\komiks\vendor\codeigniter4\framework\system\View\View.php(246): include('C:\\xampp\\htdocs...')
#2 C:\xampp\htdocs\komiks\vendor\codeigniter4\framework\system\Common.php(1119): CodeIgniter\View\View->render('pages/kontak', Array, true)
#3 C:\xampp\htdocs\komiks\app\Controllers\Pages.php(37): view('pages/kontak', Array)
#4 C:\xampp\htdocs\komiks\vendor\codeigniter4\framework\system\CodeIgniter.php(918): App\Controllers\Pages->kontak()
#5 C:\xampp\htdocs\komiks\vendor\codeigniter4\framework\system\CodeIgniter.php(404): CodeIgniter\CodeIgniter->runController(Object(App\Controllers\Pages))
#6 C:\xampp\htdocs\komiks\vendor\codeigniter4\framework\system\CodeIgniter.php(312): CodeIgniter\CodeIgniter->handleRequest(NULL, Object(Config\Cache), false)
#7 C:\xampp\htdocs\komiks\public\index.php(45): CodeIgniter\CodeIgniter->run()
#8 C:\xampp\htdocs\komiks\vendor\codeigniter4\framework\system\Commands\Server\rewrite.php(34): require_once('C:\\xampp\\htdocs...')
#9 {main}
CRITICAL - 2021-01-21 20:29:34 --> Illegal string offset 'tipe'
#0 C:\xampp\htdocs\komiks\app\Views\pages\kontak.php(12): CodeIgniter\Debug\Exceptions->errorHandler(2, 'Illegal string ...', 'C:\\xampp\\htdocs...', 12, Array)
#1 C:\xampp\htdocs\komiks\vendor\codeigniter4\framework\system\View\View.php(246): include('C:\\xampp\\htdocs...')
#2 C:\xampp\htdocs\komiks\vendor\codeigniter4\framework\system\Common.php(1119): CodeIgniter\View\View->render('pages/kontak', Array, true)
#3 C:\xampp\htdocs\komiks\app\Controllers\Pages.php(37): view('pages/kontak', Array)
#4 C:\xampp\htdocs\komiks\vendor\codeigniter4\framework\system\CodeIgniter.php(918): App\Controllers\Pages->kontak()
#5 C:\xampp\htdocs\komiks\vendor\codeigniter4\framework\system\CodeIgniter.php(404): CodeIgniter\CodeIgniter->runController(Object(App\Controllers\Pages))
#6 C:\xampp\htdocs\komiks\vendor\codeigniter4\framework\system\CodeIgniter.php(312): CodeIgniter\CodeIgniter->handleRequest(NULL, Object(Config\Cache), false)
#7 C:\xampp\htdocs\komiks\public\index.php(45): CodeIgniter\CodeIgniter->run()
#8 C:\xampp\htdocs\komiks\vendor\codeigniter4\framework\system\Commands\Server\rewrite.php(34): require_once('C:\\xampp\\htdocs...')
#9 {main}
CRITICAL - 2021-01-21 20:29:35 --> Illegal string offset 'tipe'
#0 C:\xampp\htdocs\komiks\app\Views\pages\kontak.php(12): CodeIgniter\Debug\Exceptions->errorHandler(2, 'Illegal string ...', 'C:\\xampp\\htdocs...', 12, Array)
#1 C:\xampp\htdocs\komiks\vendor\codeigniter4\framework\system\View\View.php(246): include('C:\\xampp\\htdocs...')
#2 C:\xampp\htdocs\komiks\vendor\codeigniter4\framework\system\Common.php(1119): CodeIgniter\View\View->render('pages/kontak', Array, true)
#3 C:\xampp\htdocs\komiks\app\Controllers\Pages.php(37): view('pages/kontak', Array)
#4 C:\xampp\htdocs\komiks\vendor\codeigniter4\framework\system\CodeIgniter.php(918): App\Controllers\Pages->kontak()
#5 C:\xampp\htdocs\komiks\vendor\codeigniter4\framework\system\CodeIgniter.php(404): CodeIgniter\CodeIgniter->runController(Object(App\Controllers\Pages))
#6 C:\xampp\htdocs\komiks\vendor\codeigniter4\framework\system\CodeIgniter.php(312): CodeIgniter\CodeIgniter->handleRequest(NULL, Object(Config\Cache), false)
#7 C:\xampp\htdocs\komiks\public\index.php(45): CodeIgniter\CodeIgniter->run()
#8 C:\xampp\htdocs\komiks\vendor\codeigniter4\framework\system\Commands\Server\rewrite.php(34): require_once('C:\\xampp\\htdocs...')
#9 {main}
CRITICAL - 2021-01-21 20:29:35 --> Illegal string offset 'tipe'
#0 C:\xampp\htdocs\komiks\app\Views\pages\kontak.php(12): CodeIgniter\Debug\Exceptions->errorHandler(2, 'Illegal string ...', 'C:\\xampp\\htdocs...', 12, Array)
#1 C:\xampp\htdocs\komiks\vendor\codeigniter4\framework\system\View\View.php(246): include('C:\\xampp\\htdocs...')
#2 C:\xampp\htdocs\komiks\vendor\codeigniter4\framework\system\Common.php(1119): CodeIgniter\View\View->render('pages/kontak', Array, true)
#3 C:\xampp\htdocs\komiks\app\Controllers\Pages.php(37): view('pages/kontak', Array)
#4 C:\xampp\htdocs\komiks\vendor\codeigniter4\framework\system\CodeIgniter.php(918): App\Controllers\Pages->kontak()
#5 C:\xampp\htdocs\komiks\vendor\codeigniter4\framework\system\CodeIgniter.php(404): CodeIgniter\CodeIgniter->runController(Object(App\Controllers\Pages))
#6 C:\xampp\htdocs\komiks\vendor\codeigniter4\framework\system\CodeIgniter.php(312): CodeIgniter\CodeIgniter->handleRequest(NULL, Object(Config\Cache), false)
#7 C:\xampp\htdocs\komiks\public\index.php(45): CodeIgniter\CodeIgniter->run()
#8 C:\xampp\htdocs\komiks\vendor\codeigniter4\framework\system\Commands\Server\rewrite.php(34): require_once('C:\\xampp\\htdocs...')
#9 {main}
CRITICAL - 2021-01-21 20:29:35 --> Illegal string offset 'tipe'
#0 C:\xampp\htdocs\komiks\app\Views\pages\kontak.php(12): CodeIgniter\Debug\Exceptions->errorHandler(2, 'Illegal string ...', 'C:\\xampp\\htdocs...', 12, Array)
#1 C:\xampp\htdocs\komiks\vendor\codeigniter4\framework\system\View\View.php(246): include('C:\\xampp\\htdocs...')
#2 C:\xampp\htdocs\komiks\vendor\codeigniter4\framework\system\Common.php(1119): CodeIgniter\View\View->render('pages/kontak', Array, true)
#3 C:\xampp\htdocs\komiks\app\Controllers\Pages.php(37): view('pages/kontak', Array)
#4 C:\xampp\htdocs\komiks\vendor\codeigniter4\framework\system\CodeIgniter.php(918): App\Controllers\Pages->kontak()
#5 C:\xampp\htdocs\komiks\vendor\codeigniter4\framework\system\CodeIgniter.php(404): CodeIgniter\CodeIgniter->runController(Object(App\Controllers\Pages))
#6 C:\xampp\htdocs\komiks\vendor\codeigniter4\framework\system\CodeIgniter.php(312): CodeIgniter\CodeIgniter->handleRequest(NULL, Object(Config\Cache), false)
#7 C:\xampp\htdocs\komiks\public\index.php(45): CodeIgniter\CodeIgniter->run()
#8 C:\xampp\htdocs\komiks\vendor\codeigniter4\framework\system\Commands\Server\rewrite.php(34): require_once('C:\\xampp\\htdocs...')
#9 {main}
CRITICAL - 2021-01-21 20:30:07 --> Illegal string offset 'alamat'
#0 C:\xampp\htdocs\komiks\app\Views\pages\kontak.php(12): CodeIgniter\Debug\Exceptions->errorHandler(2, 'Illegal string ...', 'C:\\xampp\\htdocs...', 12, Array)
#1 C:\xampp\htdocs\komiks\vendor\codeigniter4\framework\system\View\View.php(246): include('C:\\xampp\\htdocs...')
#2 C:\xampp\htdocs\komiks\vendor\codeigniter4\framework\system\Common.php(1119): CodeIgniter\View\View->render('pages/kontak', Array, true)
#3 C:\xampp\htdocs\komiks\app\Controllers\Pages.php(37): view('pages/kontak', Array)
#4 C:\xampp\htdocs\komiks\vendor\codeigniter4\framework\system\CodeIgniter.php(918): App\Controllers\Pages->kontak()
#5 C:\xampp\htdocs\komiks\vendor\codeigniter4\framework\system\CodeIgniter.php(404): CodeIgniter\CodeIgniter->runController(Object(App\Controllers\Pages))
#6 C:\xampp\htdocs\komiks\vendor\codeigniter4\framework\system\CodeIgniter.php(312): CodeIgniter\CodeIgniter->handleRequest(NULL, Object(Config\Cache), false)
#7 C:\xampp\htdocs\komiks\public\index.php(45): CodeIgniter\CodeIgniter->run()
#8 C:\xampp\htdocs\komiks\vendor\codeigniter4\framework\system\Commands\Server\rewrite.php(34): require_once('C:\\xampp\\htdocs...')
#9 {main}
CRITICAL - 2021-01-21 20:30:24 --> Undefined variable: as
#0 C:\xampp\htdocs\komiks\app\Views\pages\kontak.php(10): CodeIgniter\Debug\Exceptions->errorHandler(8, 'Undefined varia...', 'C:\\xampp\\htdocs...', 10, Array)
#1 C:\xampp\htdocs\komiks\vendor\codeigniter4\framework\system\View\View.php(246): include('C:\\xampp\\htdocs...')
#2 C:\xampp\htdocs\komiks\vendor\codeigniter4\framework\system\Common.php(1119): CodeIgniter\View\View->render('pages/kontak', Array, true)
#3 C:\xampp\htdocs\komiks\app\Controllers\Pages.php(37): view('pages/kontak', Array)
#4 C:\xampp\htdocs\komiks\vendor\codeigniter4\framework\system\CodeIgniter.php(918): App\Controllers\Pages->kontak()
#5 C:\xampp\htdocs\komiks\vendor\codeigniter4\framework\system\CodeIgniter.php(404): CodeIgniter\CodeIgniter->runController(Object(App\Controllers\Pages))
#6 C:\xampp\htdocs\komiks\vendor\codeigniter4\framework\system\CodeIgniter.php(312): CodeIgniter\CodeIgniter->handleRequest(NULL, Object(Config\Cache), false)
#7 C:\xampp\htdocs\komiks\public\index.php(45): CodeIgniter\CodeIgniter->run()
#8 C:\xampp\htdocs\komiks\vendor\codeigniter4\framework\system\Commands\Server\rewrite.php(34): require_once('C:\\xampp\\htdocs...')
#9 {main}
CRITICAL - 2021-01-21 20:30:31 --> Illegal string offset 'tipe'
#0 C:\xampp\htdocs\komiks\app\Views\pages\kontak.php(12): CodeIgniter\Debug\Exceptions->errorHandler(2, 'Illegal string ...', 'C:\\xampp\\htdocs...', 12, Array)
#1 C:\xampp\htdocs\komiks\vendor\codeigniter4\framework\system\View\View.php(246): include('C:\\xampp\\htdocs...')
#2 C:\xampp\htdocs\komiks\vendor\codeigniter4\framework\system\Common.php(1119): CodeIgniter\View\View->render('pages/kontak', Array, true)
#3 C:\xampp\htdocs\komiks\app\Controllers\Pages.php(37): view('pages/kontak', Array)
#4 C:\xampp\htdocs\komiks\vendor\codeigniter4\framework\system\CodeIgniter.php(918): App\Controllers\Pages->kontak()
#5 C:\xampp\htdocs\komiks\vendor\codeigniter4\framework\system\CodeIgniter.php(404): CodeIgniter\CodeIgniter->runController(Object(App\Controllers\Pages))
#6 C:\xampp\htdocs\komiks\vendor\codeigniter4\framework\system\CodeIgniter.php(312): CodeIgniter\CodeIgniter->handleRequest(NULL, Object(Config\Cache), false)
#7 C:\xampp\htdocs\komiks\public\index.php(45): CodeIgniter\CodeIgniter->run()
#8 C:\xampp\htdocs\komiks\vendor\codeigniter4\framework\system\Commands\Server\rewrite.php(34): require_once('C:\\xampp\\htdocs...')
#9 {main}
CRITICAL - 2021-01-21 20:31:43 --> Trying to get property 'tipe' of non-object
#0 C:\xampp\htdocs\komiks\app\Views\pages\kontak.php(12): CodeIgniter\Debug\Exceptions->errorHandler(8, 'Trying to get p...', 'C:\\xampp\\htdocs...', 12, Array)
#1 C:\xampp\htdocs\komiks\vendor\codeigniter4\framework\system\View\View.php(246): include('C:\\xampp\\htdocs...')
#2 C:\xampp\htdocs\komiks\vendor\codeigniter4\framework\system\Common.php(1119): CodeIgniter\View\View->render('pages/kontak', Array, true)
#3 C:\xampp\htdocs\komiks\app\Controllers\Pages.php(37): view('pages/kontak', Array)
#4 C:\xampp\htdocs\komiks\vendor\codeigniter4\framework\system\CodeIgniter.php(918): App\Controllers\Pages->kontak()
#5 C:\xampp\htdocs\komiks\vendor\codeigniter4\framework\system\CodeIgniter.php(404): CodeIgniter\CodeIgniter->runController(Object(App\Controllers\Pages))
#6 C:\xampp\htdocs\komiks\vendor\codeigniter4\framework\system\CodeIgniter.php(312): CodeIgniter\CodeIgniter->handleRequest(NULL, Object(Config\Cache), false)
#7 C:\xampp\htdocs\komiks\public\index.php(45): CodeIgniter\CodeIgniter->run()
#8 C:\xampp\htdocs\komiks\vendor\codeigniter4\framework\system\Commands\Server\rewrite.php(34): require_once('C:\\xampp\\htdocs...')
#9 {main}
CRITICAL - 2021-01-21 20:31:54 --> Undefined variable: tipe
#0 C:\xampp\htdocs\komiks\app\Views\pages\kontak.php(12): CodeIgniter\Debug\Exceptions->errorHandler(8, 'Undefined varia...', 'C:\\xampp\\htdocs...', 12, Array)
#1 C:\xampp\htdocs\komiks\vendor\codeigniter4\framework\system\View\View.php(246): include('C:\\xampp\\htdocs...')
#2 C:\xampp\htdocs\komiks\vendor\codeigniter4\framework\system\Common.php(1119): CodeIgniter\View\View->render('pages/kontak', Array, true)
#3 C:\xampp\htdocs\komiks\app\Controllers\Pages.php(37): view('pages/kontak', Array)
#4 C:\xampp\htdocs\komiks\vendor\codeigniter4\framework\system\CodeIgniter.php(918): App\Controllers\Pages->kontak()
#5 C:\xampp\htdocs\komiks\vendor\codeigniter4\framework\system\CodeIgniter.php(404): CodeIgniter\CodeIgniter->runController(Object(App\Controllers\Pages))
#6 C:\xampp\htdocs\komiks\vendor\codeigniter4\framework\system\CodeIgniter.php(312): CodeIgniter\CodeIgniter->handleRequest(NULL, Object(Config\Cache), false)
#7 C:\xampp\htdocs\komiks\public\index.php(45): CodeIgniter\CodeIgniter->run()
#8 C:\xampp\htdocs\komiks\vendor\codeigniter4\framework\system\Commands\Server\rewrite.php(34): require_once('C:\\xampp\\htdocs...')
#9 {main}
CRITICAL - 2021-01-21 20:32:00 --> Trying to get property 'tipe' of non-object
#0 C:\xampp\htdocs\komiks\app\Views\pages\kontak.php(12): CodeIgniter\Debug\Exceptions->errorHandler(8, 'Trying to get p...', 'C:\\xampp\\htdocs...', 12, Array)
#1 C:\xampp\htdocs\komiks\vendor\codeigniter4\framework\system\View\View.php(246): include('C:\\xampp\\htdocs...')
#2 C:\xampp\htdocs\komiks\vendor\codeigniter4\framework\system\Common.php(1119): CodeIgniter\View\View->render('pages/kontak', Array, true)
#3 C:\xampp\htdocs\komiks\app\Controllers\Pages.php(37): view('pages/kontak', Array)
#4 C:\xampp\htdocs\komiks\vendor\codeigniter4\framework\system\CodeIgniter.php(918): App\Controllers\Pages->kontak()
#5 C:\xampp\htdocs\komiks\vendor\codeigniter4\framework\system\CodeIgniter.php(404): CodeIgniter\CodeIgniter->runController(Object(App\Controllers\Pages))
#6 C:\xampp\htdocs\komiks\vendor\codeigniter4\framework\system\CodeIgniter.php(312): CodeIgniter\CodeIgniter->handleRequest(NULL, Object(Config\Cache), false)
#7 C:\xampp\htdocs\komiks\public\index.php(45): CodeIgniter\CodeIgniter->run()
#8 C:\xampp\htdocs\komiks\vendor\codeigniter4\framework\system\Commands\Server\rewrite.php(34): require_once('C:\\xampp\\htdocs...')
#9 {main}
CRITICAL - 2021-01-21 20:32:46 --> Illegal string offset 'tipes'
#0 C:\xampp\htdocs\komiks\app\Views\pages\kontak.php(12): CodeIgniter\Debug\Exceptions->errorHandler(2, 'Illegal string ...', 'C:\\xampp\\htdocs...', 12, Array)
#1 C:\xampp\htdocs\komiks\vendor\codeigniter4\framework\system\View\View.php(246): include('C:\\xampp\\htdocs...')
#2 C:\xampp\htdocs\komiks\vendor\codeigniter4\framework\system\Common.php(1119): CodeIgniter\View\View->render('pages/kontak', Array, true)
#3 C:\xampp\htdocs\komiks\app\Controllers\Pages.php(37): view('pages/kontak', Array)
#4 C:\xampp\htdocs\komiks\vendor\codeigniter4\framework\system\CodeIgniter.php(918): App\Controllers\Pages->kontak()
#5 C:\xampp\htdocs\komiks\vendor\codeigniter4\framework\system\CodeIgniter.php(404): CodeIgniter\CodeIgniter->runController(Object(App\Controllers\Pages))
#6 C:\xampp\htdocs\komiks\vendor\codeigniter4\framework\system\CodeIgniter.php(312): CodeIgniter\CodeIgniter->handleRequest(NULL, Object(Config\Cache), false)
#7 C:\xampp\htdocs\komiks\public\index.php(45): CodeIgniter\CodeIgniter->run()
#8 C:\xampp\htdocs\komiks\vendor\codeigniter4\framework\system\Commands\Server\rewrite.php(34): require_once('C:\\xampp\\htdocs...')
#9 {main}
CRITICAL - 2021-01-21 20:32:53 --> Illegal string offset 'tipe'
#0 C:\xampp\htdocs\komiks\app\Views\pages\kontak.php(12): CodeIgniter\Debug\Exceptions->errorHandler(2, 'Illegal string ...', 'C:\\xampp\\htdocs...', 12, Array)
#1 C:\xampp\htdocs\komiks\vendor\codeigniter4\framework\system\View\View.php(246): include('C:\\xampp\\htdocs...')
#2 C:\xampp\htdocs\komiks\vendor\codeigniter4\framework\system\Common.php(1119): CodeIgniter\View\View->render('pages/kontak', Array, true)
#3 C:\xampp\htdocs\komiks\app\Controllers\Pages.php(37): view('pages/kontak', Array)
#4 C:\xampp\htdocs\komiks\vendor\codeigniter4\framework\system\CodeIgniter.php(918): App\Controllers\Pages->kontak()
#5 C:\xampp\htdocs\komiks\vendor\codeigniter4\framework\system\CodeIgniter.php(404): CodeIgniter\CodeIgniter->runController(Object(App\Controllers\Pages))
#6 C:\xampp\htdocs\komiks\vendor\codeigniter4\framework\system\CodeIgniter.php(312): CodeIgniter\CodeIgniter->handleRequest(NULL, Object(Config\Cache), false)
#7 C:\xampp\htdocs\komiks\public\index.php(45): CodeIgniter\CodeIgniter->run()
#8 C:\xampp\htdocs\komiks\vendor\codeigniter4\framework\system\Commands\Server\rewrite.php(34): require_once('C:\\xampp\\htdocs...')
#9 {main}
CRITICAL - 2021-01-21 20:33:17 --> Trying to get property 'tipe' of non-object
#0 C:\xampp\htdocs\komiks\app\Views\pages\kontak.php(12): CodeIgniter\Debug\Exceptions->errorHandler(8, 'Trying to get p...', 'C:\\xampp\\htdocs...', 12, Array)
#1 C:\xampp\htdocs\komiks\vendor\codeigniter4\framework\system\View\View.php(246): include('C:\\xampp\\htdocs...')
#2 C:\xampp\htdocs\komiks\vendor\codeigniter4\framework\system\Common.php(1119): CodeIgniter\View\View->render('pages/kontak', Array, true)
#3 C:\xampp\htdocs\komiks\app\Controllers\Pages.php(37): view('pages/kontak', Array)
#4 C:\xampp\htdocs\komiks\vendor\codeigniter4\framework\system\CodeIgniter.php(918): App\Controllers\Pages->kontak()
#5 C:\xampp\htdocs\komiks\vendor\codeigniter4\framework\system\CodeIgniter.php(404): CodeIgniter\CodeIgniter->runController(Object(App\Controllers\Pages))
#6 C:\xampp\htdocs\komiks\vendor\codeigniter4\framework\system\CodeIgniter.php(312): CodeIgniter\CodeIgniter->handleRequest(NULL, Object(Config\Cache), false)
#7 C:\xampp\htdocs\komiks\public\index.php(45): CodeIgniter\CodeIgniter->run()
#8 C:\xampp\htdocs\komiks\vendor\codeigniter4\framework\system\Commands\Server\rewrite.php(34): require_once('C:\\xampp\\htdocs...')
#9 {main}
CRITICAL - 2021-01-21 20:34:09 --> Illegal string offset 'tipe'
#0 C:\xampp\htdocs\komiks\app\Views\pages\kontak.php(12): CodeIgniter\Debug\Exceptions->errorHandler(2, 'Illegal string ...', 'C:\\xampp\\htdocs...', 12, Array)
#1 C:\xampp\htdocs\komiks\vendor\codeigniter4\framework\system\View\View.php(246): include('C:\\xampp\\htdocs...')
#2 C:\xampp\htdocs\komiks\vendor\codeigniter4\framework\system\Common.php(1119): CodeIgniter\View\View->render('pages/kontak', Array, true)
#3 C:\xampp\htdocs\komiks\app\Controllers\Pages.php(37): view('pages/kontak', Array)
#4 C:\xampp\htdocs\komiks\vendor\codeigniter4\framework\system\CodeIgniter.php(918): App\Controllers\Pages->kontak()
#5 C:\xampp\htdocs\komiks\vendor\codeigniter4\framework\system\CodeIgniter.php(404): CodeIgniter\CodeIgniter->runController(Object(App\Controllers\Pages))
#6 C:\xampp\htdocs\komiks\vendor\codeigniter4\framework\system\CodeIgniter.php(312): CodeIgniter\CodeIgniter->handleRequest(NULL, Object(Config\Cache), false)
#7 C:\xampp\htdocs\komiks\public\index.php(45): CodeIgniter\CodeIgniter->run()
#8 C:\xampp\htdocs\komiks\vendor\codeigniter4\framework\system\Commands\Server\rewrite.php(34): require_once('C:\\xampp\\htdocs...')
#9 {main}
CRITICAL - 2021-01-21 20:34:20 --> Use of undefined constant tipe - assumed 'tipe' (this will throw an Error in a future version of PHP)
#0 C:\xampp\htdocs\komiks\app\Views\pages\kontak.php(12): CodeIgniter\Debug\Exceptions->errorHandler(2, 'Use of undefine...', 'C:\\xampp\\htdocs...', 12, Array)
#1 C:\xampp\htdocs\komiks\vendor\codeigniter4\framework\system\View\View.php(246): include('C:\\xampp\\htdocs...')
#2 C:\xampp\htdocs\komiks\vendor\codeigniter4\framework\system\Common.php(1119): CodeIgniter\View\View->render('pages/kontak', Array, true)
#3 C:\xampp\htdocs\komiks\app\Controllers\Pages.php(37): view('pages/kontak', Array)
#4 C:\xampp\htdocs\komiks\vendor\codeigniter4\framework\system\CodeIgniter.php(918): App\Controllers\Pages->kontak()
#5 C:\xampp\htdocs\komiks\vendor\codeigniter4\framework\system\CodeIgniter.php(404): CodeIgniter\CodeIgniter->runController(Object(App\Controllers\Pages))
#6 C:\xampp\htdocs\komiks\vendor\codeigniter4\framework\system\CodeIgniter.php(312): CodeIgniter\CodeIgniter->handleRequest(NULL, Object(Config\Cache), false)
#7 C:\xampp\htdocs\komiks\public\index.php(45): CodeIgniter\CodeIgniter->run()
#8 C:\xampp\htdocs\komiks\vendor\codeigniter4\framework\system\Commands\Server\rewrite.php(34): require_once('C:\\xampp\\htdocs...')
#9 {main}
CRITICAL - 2021-01-21 20:34:30 --> Illegal string offset 'tipe'
#0 C:\xampp\htdocs\komiks\app\Views\pages\kontak.php(12): CodeIgniter\Debug\Exceptions->errorHandler(2, 'Illegal string ...', 'C:\\xampp\\htdocs...', 12, Array)
#1 C:\xampp\htdocs\komiks\vendor\codeigniter4\framework\system\View\View.php(246): include('C:\\xampp\\htdocs...')
#2 C:\xampp\htdocs\komiks\vendor\codeigniter4\framework\system\Common.php(1119): CodeIgniter\View\View->render('pages/kontak', Array, true)
#3 C:\xampp\htdocs\komiks\app\Controllers\Pages.php(37): view('pages/kontak', Array)
#4 C:\xampp\htdocs\komiks\vendor\codeigniter4\framework\system\CodeIgniter.php(918): App\Controllers\Pages->kontak()
#5 C:\xampp\htdocs\komiks\vendor\codeigniter4\framework\system\CodeIgniter.php(404): CodeIgniter\CodeIgniter->runController(Object(App\Controllers\Pages))
#6 C:\xampp\htdocs\komiks\vendor\codeigniter4\framework\system\CodeIgniter.php(312): CodeIgniter\CodeIgniter->handleRequest(NULL, Object(Config\Cache), false)
#7 C:\xampp\htdocs\komiks\public\index.php(45): CodeIgniter\CodeIgniter->run()
#8 C:\xampp\htdocs\komiks\vendor\codeigniter4\framework\system\Commands\Server\rewrite.php(34): require_once('C:\\xampp\\htdocs...')
#9 {main}
CRITICAL - 2021-01-21 20:34:41 --> Illegal string offset 'tipe'
#0 C:\xampp\htdocs\komiks\app\Views\pages\kontak.php(12): CodeIgniter\Debug\Exceptions->errorHandler(2, 'Illegal string ...', 'C:\\xampp\\htdocs...', 12, Array)
#1 C:\xampp\htdocs\komiks\vendor\codeigniter4\framework\system\View\View.php(246): include('C:\\xampp\\htdocs...')
#2 C:\xampp\htdocs\komiks\vendor\codeigniter4\framework\system\Common.php(1119): CodeIgniter\View\View->render('pages/kontak', Array, true)
#3 C:\xampp\htdocs\komiks\app\Controllers\Pages.php(37): view('pages/kontak', Array)
#4 C:\xampp\htdocs\komiks\vendor\codeigniter4\framework\system\CodeIgniter.php(918): App\Controllers\Pages->kontak()
#5 C:\xampp\htdocs\komiks\vendor\codeigniter4\framework\system\CodeIgniter.php(404): CodeIgniter\CodeIgniter->runController(Object(App\Controllers\Pages))
#6 C:\xampp\htdocs\komiks\vendor\codeigniter4\framework\system\CodeIgniter.php(312): CodeIgniter\CodeIgniter->handleRequest(NULL, Object(Config\Cache), false)
#7 C:\xampp\htdocs\komiks\public\index.php(45): CodeIgniter\CodeIgniter->run()
#8 C:\xampp\htdocs\komiks\vendor\codeigniter4\framework\system\Commands\Server\rewrite.php(34): require_once('C:\\xampp\\htdocs...')
#9 {main}
CRITICAL - 2021-01-21 20:36:00 --> Illegal string offset 'tipe'
#0 C:\xampp\htdocs\komiks\app\Views\pages\kontak.php(12): CodeIgniter\Debug\Exceptions->errorHandler(2, 'Illegal string ...', 'C:\\xampp\\htdocs...', 12, Array)
#1 C:\xampp\htdocs\komiks\vendor\codeigniter4\framework\system\View\View.php(246): include('C:\\xampp\\htdocs...')
#2 C:\xampp\htdocs\komiks\vendor\codeigniter4\framework\system\Common.php(1119): CodeIgniter\View\View->render('pages/kontak', Array, true)
#3 C:\xampp\htdocs\komiks\app\Controllers\Pages.php(39): view('pages/kontak', Array)
#4 C:\xampp\htdocs\komiks\vendor\codeigniter4\framework\system\CodeIgniter.php(918): App\Controllers\Pages->kontak()
#5 C:\xampp\htdocs\komiks\vendor\codeigniter4\framework\system\CodeIgniter.php(404): CodeIgniter\CodeIgniter->runController(Object(App\Controllers\Pages))
#6 C:\xampp\htdocs\komiks\vendor\codeigniter4\framework\system\CodeIgniter.php(312): CodeIgniter\CodeIgniter->handleRequest(NULL, Object(Config\Cache), false)
#7 C:\xampp\htdocs\komiks\public\index.php(45): CodeIgniter\CodeIgniter->run()
#8 C:\xampp\htdocs\komiks\vendor\codeigniter4\framework\system\Commands\Server\rewrite.php(34): require_once('C:\\xampp\\htdocs...')
#9 {main}
CRITICAL - 2021-01-21 20:39:12 --> Trying to get property 'tipe' of non-object
#0 C:\xampp\htdocs\komiks\app\Views\pages\kontak.php(12): CodeIgniter\Debug\Exceptions->errorHandler(8, 'Trying to get p...', 'C:\\xampp\\htdocs...', 12, Array)
#1 C:\xampp\htdocs\komiks\vendor\codeigniter4\framework\system\View\View.php(246): include('C:\\xampp\\htdocs...')
#2 C:\xampp\htdocs\komiks\vendor\codeigniter4\framework\system\Common.php(1119): CodeIgniter\View\View->render('pages/kontak', Array, true)
#3 C:\xampp\htdocs\komiks\app\Controllers\Pages.php(41): view('pages/kontak', Array)
#4 C:\xampp\htdocs\komiks\vendor\codeigniter4\framework\system\CodeIgniter.php(918): App\Controllers\Pages->kontak()
#5 C:\xampp\htdocs\komiks\vendor\codeigniter4\framework\system\CodeIgniter.php(404): CodeIgniter\CodeIgniter->runController(Object(App\Controllers\Pages))
#6 C:\xampp\htdocs\komiks\vendor\codeigniter4\framework\system\CodeIgniter.php(312): CodeIgniter\CodeIgniter->handleRequest(NULL, Object(Config\Cache), false)
#7 C:\xampp\htdocs\komiks\public\index.php(45): CodeIgniter\CodeIgniter->run()
#8 C:\xampp\htdocs\komiks\vendor\codeigniter4\framework\system\Commands\Server\rewrite.php(34): require_once('C:\\xampp\\htdocs...')
#9 {main}
CRITICAL - 2021-01-21 20:39:19 --> Undefined variable: tipe
#0 C:\xampp\htdocs\komiks\app\Views\pages\kontak.php(12): CodeIgniter\Debug\Exceptions->errorHandler(8, 'Undefined varia...', 'C:\\xampp\\htdocs...', 12, Array)
#1 C:\xampp\htdocs\komiks\vendor\codeigniter4\framework\system\View\View.php(246): include('C:\\xampp\\htdocs...')
#2 C:\xampp\htdocs\komiks\vendor\codeigniter4\framework\system\Common.php(1119): CodeIgniter\View\View->render('pages/kontak', Array, true)
#3 C:\xampp\htdocs\komiks\app\Controllers\Pages.php(41): view('pages/kontak', Array)
#4 C:\xampp\htdocs\komiks\vendor\codeigniter4\framework\system\CodeIgniter.php(918): App\Controllers\Pages->kontak()
#5 C:\xampp\htdocs\komiks\vendor\codeigniter4\framework\system\CodeIgniter.php(404): CodeIgniter\CodeIgniter->runController(Object(App\Controllers\Pages))
#6 C:\xampp\htdocs\komiks\vendor\codeigniter4\framework\system\CodeIgniter.php(312): CodeIgniter\CodeIgniter->handleRequest(NULL, Object(Config\Cache), false)
#7 C:\xampp\htdocs\komiks\public\index.php(45): CodeIgniter\CodeIgniter->run()
#8 C:\xampp\htdocs\komiks\vendor\codeigniter4\framework\system\Commands\Server\rewrite.php(34): require_once('C:\\xampp\\htdocs...')
#9 {main}
CRITICAL - 2021-01-21 20:39:46 --> syntax error, unexpected '[', expecting identifier (T_STRING) or variable (T_VARIABLE) or '{' or '$'
#0 C:\xampp\htdocs\komiks\vendor\codeigniter4\framework\system\Common.php(1119): CodeIgniter\View\View->render('pages/kontak', Array, true)
#1 C:\xampp\htdocs\komiks\app\Controllers\Pages.php(41): view('pages/kontak', Array)
#2 C:\xampp\htdocs\komiks\vendor\codeigniter4\framework\system\CodeIgniter.php(918): App\Controllers\Pages->kontak()
#3 C:\xampp\htdocs\komiks\vendor\codeigniter4\framework\system\CodeIgniter.php(404): CodeIgniter\CodeIgniter->runController(Object(App\Controllers\Pages))
#4 C:\xampp\htdocs\komiks\vendor\codeigniter4\framework\system\CodeIgniter.php(312): CodeIgniter\CodeIgniter->handleRequest(NULL, Object(Config\Cache), false)
#5 C:\xampp\htdocs\komiks\public\index.php(45): CodeIgniter\CodeIgniter->run()
#6 C:\xampp\htdocs\komiks\vendor\codeigniter4\framework\system\Commands\Server\rewrite.php(34): require_once('C:\\xampp\\htdocs...')
#7 {main}
CRITICAL - 2021-01-21 20:39:53 --> syntax error, unexpected '[', expecting identifier (T_STRING) or variable (T_VARIABLE) or '{' or '$'
#0 C:\xampp\htdocs\komiks\vendor\codeigniter4\framework\system\Common.php(1119): CodeIgniter\View\View->render('pages/kontak', Array, true)
#1 C:\xampp\htdocs\komiks\app\Controllers\Pages.php(41): view('pages/kontak', Array)
#2 C:\xampp\htdocs\komiks\vendor\codeigniter4\framework\system\CodeIgniter.php(918): App\Controllers\Pages->kontak()
#3 C:\xampp\htdocs\komiks\vendor\codeigniter4\framework\system\CodeIgniter.php(404): CodeIgniter\CodeIgniter->runController(Object(App\Controllers\Pages))
#4 C:\xampp\htdocs\komiks\vendor\codeigniter4\framework\system\CodeIgniter.php(312): CodeIgniter\CodeIgniter->handleRequest(NULL, Object(Config\Cache), false)
#5 C:\xampp\htdocs\komiks\public\index.php(45): CodeIgniter\CodeIgniter->run()
#6 C:\xampp\htdocs\komiks\vendor\codeigniter4\framework\system\Commands\Server\rewrite.php(34): require_once('C:\\xampp\\htdocs...')
#7 {main}
CRITICAL - 2021-01-21 20:41:42 --> Invalid file: layout/navbard.php
#0 C:\xampp\htdocs\komiks\vendor\codeigniter4\framework\system\View\View.php(228): CodeIgniter\Exceptions\FrameworkException::forInvalidFile('layout/navbard....')
#1 C:\xampp\htdocs\komiks\vendor\codeigniter4\framework\system\View\View.php(525): CodeIgniter\View\View->render('layout/navbard', NULL, true)
#2 C:\xampp\htdocs\komiks\app\Views\layout\template.php(15): CodeIgniter\View\View->include('layout/navbard')
#3 C:\xampp\htdocs\komiks\vendor\codeigniter4\framework\system\View\View.php(246): include('C:\\xampp\\htdocs...')
#4 C:\xampp\htdocs\komiks\vendor\codeigniter4\framework\system\View\View.php(257): CodeIgniter\View\View->render('layout/template', Array, true)
#5 C:\xampp\htdocs\komiks\vendor\codeigniter4\framework\system\Common.php(1119): CodeIgniter\View\View->render('pages/home', Array, true)
#6 C:\xampp\htdocs\komiks\app\Controllers\Pages.php(13): view('pages/home', Array)
#7 C:\xampp\htdocs\komiks\vendor\codeigniter4\framework\system\CodeIgniter.php(918): App\Controllers\Pages->index()
#8 C:\xampp\htdocs\komiks\vendor\codeigniter4\framework\system\CodeIgniter.php(404): CodeIgniter\CodeIgniter->runController(Object(App\Controllers\Pages))
#9 C:\xampp\htdocs\komiks\vendor\codeigniter4\framework\system\CodeIgniter.php(312): CodeIgniter\CodeIgniter->handleRequest(NULL, Object(Config\Cache), false)
#10 C:\xampp\htdocs\komiks\public\index.php(45): CodeIgniter\CodeIgniter->run()
#11 C:\xampp\htdocs\komiks\vendor\codeigniter4\framework\system\Commands\Server\rewrite.php(34): require_once('C:\\xampp\\htdocs...')
#12 {main}
